2026-02-17 10:30:01.577: [INFO] VisibilityChanged: 0
2026-02-17 10:30:01.620: [INFO] RecordSyncInitDuration has_sync_been_enabled: 0 state: 0
2026-02-17 10:30:01.621: [INFO] RecordSyncInitDuration has_sync_been_enabled: 0 state: 0
2026-02-17 10:30:01.622: [INFO] RecordSyncInitDuration has_sync_been_enabled: 0 state: 0
2026-02-17 10:30:01.622: [INFO] RecordSyncInitDuration has_sync_been_enabled: 0 state: 0
2026-02-17 10:30:01.623: [INFO] RecordSyncInitDuration has_sync_been_enabled: 0 state: 0
2026-02-17 10:30:01.624: [INFO] RecordSyncInitDuration has_sync_been_enabled: 0 state: 0
2026-02-17 10:30:01.624: [INFO] RecordSyncInitDuration has_sync_been_enabled: 0 state: 0
2026-02-17 10:30:01.625: [INFO] RecordSyncInitDuration has_sync_been_enabled: 0 state: 0
2026-02-17 10:30:01.626: [INFO] RecordSyncInitDuration has_sync_been_enabled: 0 state: 0
2026-02-17 10:30:01.627: [INFO] RecordSyncInitDuration has_sync_been_enabled: 0 state: 0
2026-02-17 10:30:01.627: [INFO] RecordSyncInitDuration has_sync_been_enabled: 0 state: 0
2026-02-17 10:30:01.628: [INFO] RecordSyncInitDuration has_sync_been_enabled: 0 state: 0
2026-02-17 10:30:01.645: [INFO] BookmarkModelLoaded, ids_reassigned: 0
2026-02-17 10:30:01.645: [INFO] OnDoneLoading sync enabled: 0
2026-02-17 10:30:01.648: [INFO] RecordSyncInitDuration has_sync_been_enabled: 0 state: 0
2026-02-17 10:30:03.190: [INFO] RecordSyncInitDuration has_sync_been_enabled: 0 state: 3
2026-02-17 10:30:03.191: [INFO] Primary account changed.
2026-02-17 10:30:03.191: [INFO] OnPrimaryAccountChanged PrimaryAccountChangeEvent::Type::kSet
2026-02-17 10:30:03.194: [INFO] RecordSyncInitDuration has_sync_been_enabled: 0 state: 3
2026-02-17 10:30:06.182: [INFO] BookmarkNodeAdded, ABU: 0
2026-02-17 10:30:06.183: [INFO] BookmarkNodeAdded, ABU: 0
2026-02-17 10:30:06.184: [INFO] BookmarkNodeAdded, ABU: 0
2026-02-17 10:30:06.185: [INFO] BookmarkNodeAdded, ABU: 0
2026-02-17 10:30:06.185: [INFO] BookmarkNodeAdded, ABU: 0
2026-02-17 10:30:06.186: [INFO] BookmarkNodeAdded, ABU: 0
2026-02-17 10:30:06.187: [INFO] BookmarkNodeAdded, ABU: 0
2026-02-17 10:30:06.187: [INFO] BookmarkNodeAdded, ABU: 0
2026-02-17 10:30:06.188: [INFO] BookmarkNodeAdded, ABU: 0
2026-02-17 10:30:06.188: [INFO] BookmarkNodeAdded, ABU: 0
2026-02-17 10:30:06.189: [INFO] BookmarkNodeAdded, ABU: 0
2026-02-17 10:30:06.189: [INFO] BookmarkNodeAdded, ABU: 0
2026-02-17 10:30:06.190: [INFO] BookmarkNodeAdded, ABU: 0
2026-02-17 10:30:06.190: [INFO] BookmarkNodeAdded, ABU: 0
2026-02-17 10:30:06.191: [INFO] BookmarkNodeAdded, ABU: 0
2026-02-17 10:30:06.191: [INFO] BookmarkNodeAdded, ABU: 0
2026-02-17 10:30:06.192: [INFO] BookmarkNodeAdded, ABU: 0
2026-02-17 10:30:06.193: [INFO] BookmarkNodeAdded, ABU: 0
2026-02-17 10:30:06.194: [INFO] BookmarkNodeAdded, ABU: 0
2026-02-17 10:30:06.194: [INFO] BookmarkNodeAdded, ABU: 0
2026-02-17 10:30:06.195: [INFO] BookmarkNodeAdded, ABU: 0
2026-02-17 10:30:06.196: [INFO] BookmarkNodeAdded, ABU: 0
2026-02-17 10:30:06.196: [INFO] BookmarkNodeAdded, ABU: 0
2026-02-17 10:30:06.197: [INFO] BookmarkNodeAdded, ABU: 0
2026-02-17 10:30:06.197: [INFO] BookmarkNodeAdded, ABU: 0
2026-02-17 10:30:06.198: [INFO] BookmarkNodeAdded, ABU: 0
2026-02-17 10:30:06.198: [INFO] BookmarkNodeAdded, ABU: 0
2026-02-17 10:30:06.199: [INFO] BookmarkNodeAdded, ABU: 0
2026-02-17 10:30:06.200: [INFO] BookmarkNodeAdded, ABU: 0
2026-02-17 10:30:06.201: [INFO] BookmarkNodeAdded, ABU: 0
2026-02-17 10:30:06.202: [INFO] BookmarkNodeAdded, ABU: 0
2026-02-17 10:30:06.202: [INFO] BookmarkNodeAdded, ABU: 0
2026-02-17 10:30:06.203: [INFO] BookmarkNodeAdded, ABU: 0
2026-02-17 10:30:06.203: [INFO] BookmarkNodeAdded, ABU: 0
2026-02-17 10:30:06.203: [INFO] BookmarkNodeAdded, ABU: 0
2026-02-17 10:30:06.340: [INFO] Sync initialization duration: 3014ms
