{"logTime": "0217/103004", "correlationVector":"Yzp7kCWK/yxIwG2aV1yB5D.1","action":"SyncServerConnectionManagerRequest", "result":"SYNC_SERVER_OK", "context":{"environment":"Prod_westeurope_prod-s01-080-eur-westeurope", "migrationStage":"NotStarted", "server":"akswtt11200001j"}}
{"logTime": "0217/103004", "correlationVector":"Yzp7kCWK/yxIwG2aV1yB5D.2","action":"ProcessGetUpdates", "result":"Done", "context":{"dataType":"Encryption Keys", "deleted":"0", "process_failed_to_decrypt":"0", "process_pending_decryption":"0", "process_success":"1", "total":"1"}}
{"logTime": "0217/103005", "correlationVector":"B3aZ8GfjpfBXPBB5h+Erkb","action":"SyncServerConnectionManagerRequest", "result":"SYNC_SERVER_OK", "context":{"environment":"", "migrationStage":"", "server":""}}
{"logTime": "0217/103005", "correlationVector":"B3aZ8GfjpfBXPBB5h+Erkb.0","action":"EncryptionKeysFetcher.DownloadKeys:", "result":"Success", "context":Key count: 10, Last key timestamp: 2025-09-25T21:21:29Z}
{"logTime": "0217/103005", "correlationVector":"B3aZ8GfjpfBXPBB5h+Erkb.1","action":"EncryptionKeysManager::SetEncryptionKeys:", "result":"Success", "context":Key names[10]:[J20tE61x5jbLHK14wWhDMR4jJO31GXjza5lTUYw4ydyy8z6HdHiMLQgnuacoA2qIAVeFg+lzTGHaKW894GFb1g==][UA/44FzpM9Jp8+AdoCYIboCQ6ncv9YFfpad9Za41cs4jpnPrbAFSmfBp634RVPsPmX8nQyhve1DZGyQm6P8pJw==][E2pxaP/lh5FDdtX/Ik1W9WlT8Kqul+T64tZW6tKaUNwCDEgFlDQsobYBpl/v/kA8y37pJ1ZFwVWpA4yO3fpVmQ==][eqrfufCeFYNnsUzF45WZb2XTFs1HQUqzZfwnB2/cZP2a69iHpw4Q8BDTF7jAYFWI01k0VtL+FCF3MJy0EjWxpQ==][03Lnd/c0u/GhjbHrghFiYpW/XPoX4hFac2RVjElxAB8hrB5WJwG97InGtf0Nqj19YVNglfsb7UqnP6PNW9tUHA==][fB3EF+ftzD90xe4VbEkVdI1F4t5xseiQRxja6fjCG9dhdCxOPhmsYWaL6x1pN52uBmbllG/9mpLRYIsvIamycg==][UCWGh1fPFaUFco+uYv3tUn+G5hPQsd/bhF8Alwx1UvvPz5vmjnExBOljdIpZ6hl7w7bNmkR/MR7pSc97asCuFA==][eYOczjcC89MMJsjBlhgGi74TsBWHJVXIBFMefjpeQXoKjXC985Guqc7k959sYdRqd6dmkaBNpv5at9Zlch2OdA==][k0ckEEJVIENODxGsctOBGji0H0l4Bp7YIzDsfVTKGGCPmoQg7/iF9VLIVWHiero8WGucXWGv/XSGRd4c81BV2w==][VkMPHgq7x4AFkuuBFCRhqY3cVQS9y9a93m8CJaS6xfiBzS8/o3MmZvbWyqWQu04UP7DApfRiv5k8NQi2XfLkgQ==]}
{"logTime": "0217/103005", "correlationVector":"B3aZ8GfjpfBXPBB5h+Erkb.2","action":"EncryptionKeysManager::SetEncryptionKeysWithTimestamps:", "result":"Success", "context":Key timestamps[10]:[2021-03-15T07:28:32Z][2022-07-03T09:55:04Z][2023-01-25T18:59:35Z][2023-06-16T19:58:40Z][2023-12-18T18:29:42Z][2024-06-15T19:07:56Z][2024-08-27T11:29:08Z][2024-08-30T16:11:37Z][2025-03-03T21:50:27Z][2025-09-25T21:21:29Z]}
{"logTime": "0217/103005", "correlationVector":"Yzp7kCWK/yxIwG2aV1yB5D","action":"Initial GetUpdates", "result":"", "context":Reason: NEW_CLIENT. cV=Yzp7kCWK/yxIwG2aV1yB5D}
{"logTime": "0217/103005", "correlationVector":"Yzp7kCWK/yxIwG2aV1yB5D.3","action":"GetUpdates Response", "result":"Success", "context":Received 1 update(s). cV=Yzp7kCWK/yxIwG2aV1yB5D.0;server=akswtt11200001j;cloudType=Consumer;environment=Prod_westeurope_prod-s01-080-eur-westeurope;migrationStage=NotStarted}
{"logTime": "0217/103005", "correlationVector":"TpPVYtWpKyIAkSX0qLzMbG","action":"Initial GetUpdates", "result":"", "context":Reason: NEWLY_SUPPORTED_DATATYPE. cV=TpPVYtWpKyIAkSX0qLzMbG}
{"logTime": "0217/103005", "correlationVector":"TpPVYtWpKyIAkSX0qLzMbG.1","action":"SyncServerConnectionManagerRequest", "result":"SYNC_SERVER_OK", "context":{"environment":"Prod_germanywestcentral_prod-s01-011-eur-germanywestcentral", "migrationStage":"NotStarted", "server":"akswtt00200000e"}}
{"logTime": "0217/103005", "correlationVector":"TpPVYtWpKyIAkSX0qLzMbG.2","action":"ProcessGetUpdates", "result":"Done", "context":{"dataType":"Passwords", "deleted":"0", "process_failed_to_decrypt":"0", "process_pending_decryption":"0", "process_success":"250", "total":"250"}}
{"logTime": "0217/103005", "correlationVector":"TpPVYtWpKyIAkSX0qLzMbG.3","action":"GetUpdates Response", "result":"Success", "context":Received 250 update(s). cV=TpPVYtWpKyIAkSX0qLzMbG.0;server=akswtt00200000e;cloudType=Consumer;environment=Prod_germanywestcentral_prod-s01-011-eur-germanywestcentral;migrationStage=NotStarted Some updates remain.}
{"logTime": "0217/103005", "correlationVector":"++YPQzGn9pd++eLVqfsK4l","action":"Initial GetUpdates", "result":"", "context":Reason: NEWLY_SUPPORTED_DATATYPE. cV=++YPQzGn9pd++eLVqfsK4l}
{"logTime": "0217/103006", "correlationVector":"++YPQzGn9pd++eLVqfsK4l.1","action":"SyncServerConnectionManagerRequest", "result":"SYNC_SERVER_OK", "context":{"environment":"Prod_westeurope_prod-s01-080-eur-westeurope", "migrationStage":"NotStarted", "server":"akswtt11200000x"}}
{"logTime": "0217/103006", "correlationVector":"++YPQzGn9pd++eLVqfsK4l.2","action":"ProcessGetUpdates", "result":"Done", "context":{"dataType":"Passwords", "deleted":"0", "process_failed_to_decrypt":"0", "process_pending_decryption":"0", "process_success":"85", "total":"85"}}
{"logTime": "0217/103006", "correlationVector":"++YPQzGn9pd++eLVqfsK4l.3","action":"GetUpdates Response", "result":"Success", "context":Received 85 update(s). cV=++YPQzGn9pd++eLVqfsK4l.0;server=akswtt11200000x;cloudType=Consumer;environment=Prod_westeurope_prod-s01-080-eur-westeurope;migrationStage=NotStarted}
{"logTime": "0217/103006", "correlationVector":"8SLLDtfp2YUu9DYaLTtYg2","action":"Initial GetUpdates", "result":"", "context":Reason: NEWLY_SUPPORTED_DATATYPE. cV=8SLLDtfp2YUu9DYaLTtYg2}
{"logTime": "0217/103006", "correlationVector":"8SLLDtfp2YUu9DYaLTtYg2.1","action":"SyncServerConnectionManagerRequest", "result":"SYNC_SERVER_OK", "context":{"environment":"Prod_germanywestcentral_prod-s01-011-eur-germanywestcentral", "migrationStage":"NotStarted", "server":"akswtt00200000s"}}
{"logTime": "0217/103006", "correlationVector":"8SLLDtfp2YUu9DYaLTtYg2.2","action":"ProcessGetUpdates", "result":"Done", "context":{"dataType":"Bookmarks", "deleted":"0", "process_failed_to_decrypt":"0", "process_pending_decryption":"0", "process_success":"41", "total":"41"}}
{"logTime": "0217/103006", "correlationVector":"8SLLDtfp2YUu9DYaLTtYg2.3","action":"GetUpdates Response", "result":"Success", "context":Received 41 update(s). cV=8SLLDtfp2YUu9DYaLTtYg2.0;server=akswtt00200000s;cloudType=Consumer;environment=Prod_germanywestcentral_prod-s01-011-eur-germanywestcentral;migrationStage=NotStarted}
{"logTime": "0217/103006", "correlationVector":"K0SjdLSftAzpHyTnf+KY3q","action":"Initial GetUpdates", "result":"", "context":Reason: NEWLY_SUPPORTED_DATATYPE. cV=K0SjdLSftAzpHyTnf+KY3q}
{"logTime": "0217/103006", "correlationVector":"K0SjdLSftAzpHyTnf+KY3q.1","action":"SyncServerConnectionManagerRequest", "result":"SYNC_SERVER_OK", "context":{"environment":"Prod_germanywestcentral_prod-s01-011-eur-germanywestcentral", "migrationStage":"NotStarted", "server":"akswtt00200000e"}}
{"logTime": "0217/103006", "correlationVector":"K0SjdLSftAzpHyTnf+KY3q.2","action":"ProcessGetUpdates", "result":"Done", "context":{"dataType":"Autofill", "deleted":"0", "process_failed_to_decrypt":"0", "process_pending_decryption":"0", "process_success":"6", "total":"6"}}
{"logTime": "0217/103006", "correlationVector":"K0SjdLSftAzpHyTnf+KY3q.3","action":"GetUpdates Response", "result":"Success", "context":Received 6 update(s). cV=K0SjdLSftAzpHyTnf+KY3q.0;server=akswtt00200000e;cloudType=Consumer;environment=Prod_germanywestcentral_prod-s01-011-eur-germanywestcentral;migrationStage=NotStarted}
{"logTime": "0217/103006", "correlationVector":"uZ7luJnZflpMoJYVOAEC6b","action":"Initial GetUpdates", "result":"", "context":Reason: NEWLY_SUPPORTED_DATATYPE. cV=uZ7luJnZflpMoJYVOAEC6b}
{"logTime": "0217/103006", "correlationVector":"uZ7luJnZflpMoJYVOAEC6b.1","action":"SyncServerConnectionManagerRequest", "result":"SYNC_SERVER_OK", "context":{"environment":"Prod_germanywestcentral_prod-s01-011-eur-germanywestcentral", "migrationStage":"NotStarted", "server":"akswtt002000009"}}
{"logTime": "0217/103006", "correlationVector":"uZ7luJnZflpMoJYVOAEC6b.2","action":"GetUpdates Response", "result":"Success", "context":Received 0 update(s). cV=uZ7luJnZflpMoJYVOAEC6b.0;server=akswtt002000009;cloudType=Consumer;environment=Prod_germanywestcentral_prod-s01-011-eur-germanywestcentral;migrationStage=NotStarted}
{"logTime": "0217/103006", "correlationVector":"XDLANTPFm/8SeO7ktEAfaA","action":"Normal GetUpdate request", "result":"", "context":cV=XDLANTPFm/8SeO7ktEAfaA
Refresh requested types: Bookmarks, Passwords, Autofill Profiles, Autofill, History, Edge Wallet, Encryption Keys}
{"logTime": "0217/103007", "correlationVector":"XDLANTPFm/8SeO7ktEAfaA.1","action":"SyncServerConnectionManagerRequest", "result":"SYNC_SERVER_OK", "context":{"environment":"Prod_germanywestcentral_prod-s01-011-eur-germanywestcentral", "migrationStage":"NotStarted", "server":"akswtt00200000c"}}
{"logTime": "0217/103007", "correlationVector":"XDLANTPFm/8SeO7ktEAfaA.2","action":"GetUpdates Response", "result":"Success", "context":Received 0 update(s). cV=XDLANTPFm/8SeO7ktEAfaA.0;server=akswtt00200000c;cloudType=Consumer;environment=Prod_germanywestcentral_prod-s01-011-eur-germanywestcentral;migrationStage=NotStarted}
{"logTime": "0217/103007", "correlationVector":"r1hfKIsTwxQjF9O22LG8Rf","action":"DoCompareDataConsistency requsted types: ", "result":"Bookmarks, Passwords, History, Edge Wallet, Encryption Keys"}
{"logTime": "0217/103007", "correlationVector":"r1hfKIsTwxQjF9O22LG8Rf.0","action":"CompareDataConsistency result: ", "result":"Compare result: Encryption Keys is consistent. local entities count is: 1 local entities hash is: fedXR1Ane2dm5x/91qEm3jr/3q0="}
{"logTime": "0217/103007", "correlationVector":"r1hfKIsTwxQjF9O22LG8Rf.1","action":"CompareDataConsistency result: ", "result":"Compare result: Bookmarks is consistent. local entities count is: 35 local entities hash is: ggpvskAkvoffOfS2rPgdtelbocc="}
{"logTime": "0217/103007", "correlationVector":"r1hfKIsTwxQjF9O22LG8Rf.2","action":"CompareDataConsistency result: ", "result":"Server did not send this History local entities count is: 0 local entities hash is: "}
{"logTime": "0217/103007", "correlationVector":"r1hfKIsTwxQjF9O22LG8Rf.3","action":"CompareDataConsistency result: ", "result":"Compare result: Edge Wallet is consistent. local entities count is: 0 local entities hash is: "}
{"logTime": "0217/103007", "correlationVector":"r1hfKIsTwxQjF9O22LG8Rf.4","action":"CompareDataConsistency result: ", "result":"Compare result: Passwords is consistent. local entities count is: 335 local entities hash is: 2wy9d27TAYK2tg+6qyAz61LNmvM="}
{"logTime": "0217/103007", "correlationVector":"","action":"DIAGNOSTIC_REQUEST|v1/diagnosticData/Diagnostic.SendCheckResult()|SUCCESS", "result":""}
{"logTime": "0217/103107", "correlationVector":"B8v9i42SdXUUCoICgSN616","action":"Commit Request", "result":"", "context":Item count: 1
Contributing types: History}
{"logTime": "0217/103108", "correlationVector":"B8v9i42SdXUUCoICgSN616.1","action":"SyncServerConnectionManagerRequest", "result":"SYNC_SERVER_OK", "context":{"environment":"Prod_westeurope_prod-s01-080-eur-westeurope", "migrationStage":"NotStarted", "server":"akswtt112000002"}}
{"logTime": "0217/103108", "correlationVector":"B8v9i42SdXUUCoICgSN616.2","action":"Commit Response", "result":"Success", "context":Result: Success. cV=B8v9i42SdXUUCoICgSN616.0;server=akswtt112000002;cloudType=Consumer;environment=Prod_westeurope_prod-s01-080-eur-westeurope;migrationStage=NotStarted}
